<?xml version="1.0" encoding="UTF-8"?>
<testng-results skipped="0" failed="0" total="4" passed="4">
  <reporter-output>
  </reporter-output>
  <suite name="Default suite" duration-ms="6390" started-at="2019-11-10T07:58:10Z" finished-at="2019-11-10T07:58:17Z">
    <groups>
    </groups>
    <test name="Default test" duration-ms="6390" started-at="2019-11-10T07:58:10Z" finished-at="2019-11-10T07:58:17Z">
      <class name="test.day1">
        <test-method status="PASS" signature="Login()[pri:0, instance:test.day1@17550481]" name="Login" duration-ms="3634" started-at="2019-11-09T23:58:10Z" finished-at="2019-11-09T23:58:14Z">
          <reporter-output>
          </reporter-output>
        </test-method> <!-- Login -->
        <test-method status="PASS" signature="Demo()[pri:0, instance:test.day1@17550481]" name="Demo" duration-ms="2" started-at="2019-11-09T23:58:14Z" finished-at="2019-11-09T23:58:14Z">
          <reporter-output>
          </reporter-output>
        </test-method> <!-- Demo -->
        <test-method status="PASS" signature="OpeningBrowser()[pri:0, instance:test.day1@17550481]" name="OpeningBrowser" duration-ms="2723" started-at="2019-11-09T23:58:14Z" finished-at="2019-11-09T23:58:17Z">
          <reporter-output>
          </reporter-output>
        </test-method> <!-- OpeningBrowser -->
        <test-method status="PASS" signature="SecondTest()[pri:0, instance:test.day1@17550481]" name="SecondTest" duration-ms="1" started-at="2019-11-09T23:58:17Z" finished-at="2019-11-09T23:58:17Z">
          <reporter-output>
          </reporter-output>
        </test-method> <!-- SecondTest -->
        <test-method status="PASS" signature="lastexecution()[pri:0, instance:test.day1@17550481]" name="lastexecution" is-config="true" duration-ms="1" started-at="2019-11-09T23:58:17Z" finished-at="2019-11-09T23:58:17Z">
          <reporter-output>
          </reporter-output>
        </test-method> <!-- lastexecution -->
        <test-method status="PASS" signature="afSyite()[pri:0, instance:test.day1@17550481]" name="afSyite" is-config="true" duration-ms="0" started-at="2019-11-09T23:58:17Z" finished-at="2019-11-09T23:58:17Z">
          <reporter-output>
          </reporter-output>
        </test-method> <!-- afSyite -->
      </class> <!-- test.day1 -->
    </test> <!-- Default test -->
  </suite> <!-- Default suite -->
</testng-results>
