<?xml version="1.0" encoding="UTF-8"?>
<testng-results skipped="0" failed="0" total="1" passed="1">
  <reporter-output>
  </reporter-output>
  <suite name="Default suite" duration-ms="16584" started-at="2019-12-29T08:35:40Z" finished-at="2019-12-29T08:35:57Z">
    <groups>
    </groups>
    <test name="Default test" duration-ms="16584" started-at="2019-12-29T08:35:40Z" finished-at="2019-12-29T08:35:57Z">
      <class name="TestNG_Call_Report">
        <test-method status="PASS" signature="callReport()[pri:0, instance:TestNG_Call_Report@dfd3711]" name="callReport" duration-ms="16560" started-at="2019-12-29T00:35:40Z" finished-at="2019-12-29T00:35:57Z">
          <reporter-output>
          </reporter-output>
        </test-method> <!-- callReport -->
      </class> <!-- TestNG_Call_Report -->
    </test> <!-- Default test -->
  </suite> <!-- Default suite -->
</testng-results>
