<?xml version="1.0" encoding="UTF-8"?>
<!-- Generated by org.testng.reporters.JUnitXMLReporter -->
<testsuite hostname="Simmering" name="Car Loan" tests="5" failures="0" timestamp="6 Nov 2019 07:23:14 GMT" time="0.069" errors="0">
  <testcase name="MobileLogincarLoan" time="0.004" classname="test.day3"/>
  <testcase name="MobilesignoutcarLoan" time="0.002" classname="test.day3"/>
  <testcase name="MobilesignoutcarLoan" time="0.001" classname="test.day3"/>
  <testcase name="MobilesignoutcarLoan" time="0.003" classname="test.day3"/>
  <testcase name="WebloginCarLoan" time="0.006" classname="test.day3"/>
</testsuite> <!-- Car Loan -->
