<?xml version="1.0" encoding="UTF-8"?>
<!-- Generated by org.testng.reporters.JUnitXMLReporter -->
<testsuite hostname="Simmering" ignored="0" name="Test" tests="6" failures="0" timestamp="2019-12-10T19:26:18 PST" time="0.063" errors="0">
  <testcase name="IOSApps" time="0.008" classname="qaclickacademy.AppiumTest"/>
  <testcase name="NativeAPPAndroid" time="0.002" classname="qaclickacademy.AppiumTest"/>
  <testcase name="BrowserAutomation" time="0.002" classname="qaclickacademy.SeleniumTest"/>
  <testcase name="elementsUi" time="0.002" classname="qaclickacademy.SeleniumTest"/>
  <testcase name="deleteTwitter" time="0.004" classname="qaclickacademy.RESTAPITest"/>
  <testcase name="postJira" time="0.0" classname="qaclickacademy.RESTAPITest"/>
</testsuite> <!-- Test -->
